0 info it worked if it ends with ok
1 verbose cli [ 'D:\\we\\node6\\node.exe',
1 verbose cli   'D:\\we\\node6\\node_modules\\npm\\bin\\npm-cli.js',
1 verbose cli   'run',
1 verbose cli   'build' ]
2 info using npm@3.10.10
3 info using node@v6.11.3
4 verbose run-script [ 'prebuild', 'build', 'postbuild' ]
5 info lifecycle likeread@0.0.0~prebuild: likeread@0.0.0
6 silly lifecycle likeread@0.0.0~prebuild: no script for prebuild, continuing
7 info lifecycle likeread@0.0.0~build: likeread@0.0.0
8 verbose lifecycle likeread@0.0.0~build: unsafe-perm in lifecycle true
9 verbose lifecycle likeread@0.0.0~build: PATH: D:\we\node6\node_modules\npm\bin\node-gyp-bin;D:\likeread\node_modules\.bin;D:\we\mysql5719\bin;C:\windows\system32;D:\we\Git\bin;D:\we\python35;D:\we\java8\jdk\bin;D:\we\nvm;D:\we\node6\;D:\we\Ruby\bin;C:\Users\ym\AppData\Local\Microsoft\WindowsApps;;D:\we\MicrosoftVSCode\bin;C:\Users\ym\AppData\Roaming\npm
10 verbose lifecycle likeread@0.0.0~build: CWD: D:\likeread
11 silly lifecycle likeread@0.0.0~build: Args: [ '/d /s /c', 'webpack --config webpack.config.js' ]
12 silly lifecycle likeread@0.0.0~build: Returned: code: 1  signal: null
13 info lifecycle likeread@0.0.0~build: Failed to exec build script
14 verbose stack Error: likeread@0.0.0 build: `webpack --config webpack.config.js`
14 verbose stack Exit status 1
14 verbose stack     at EventEmitter.<anonymous> (D:\we\node6\node_modules\npm\lib\utils\lifecycle.js:255:16)
14 verbose stack     at emitTwo (events.js:106:13)
14 verbose stack     at EventEmitter.emit (events.js:191:7)
14 verbose stack     at ChildProcess.<anonymous> (D:\we\node6\node_modules\npm\lib\utils\spawn.js:40:14)
14 verbose stack     at emitTwo (events.js:106:13)
14 verbose stack     at ChildProcess.emit (events.js:191:7)
14 verbose stack     at maybeClose (internal/child_process.js:920:16)
14 verbose stack     at Process.ChildProcess._handle.onexit (internal/child_process.js:230:5)
15 verbose pkgid likeread@0.0.0
16 verbose cwd D:\likeread
17 error Windows_NT 10.0.15063
18 error argv "D:\\we\\node6\\node.exe" "D:\\we\\node6\\node_modules\\npm\\bin\\npm-cli.js" "run" "build"
19 error node v6.11.3
20 error npm  v3.10.10
21 error code ELIFECYCLE
22 error likeread@0.0.0 build: `webpack --config webpack.config.js`
22 error Exit status 1
23 error Failed at the likeread@0.0.0 build script 'webpack --config webpack.config.js'.
23 error Make sure you have the latest version of node.js and npm installed.
23 error If you do, this is most likely a problem with the likeread package,
23 error not with npm itself.
23 error Tell the author that this fails on your system:
23 error     webpack --config webpack.config.js
23 error You can get information on how to open an issue for this project with:
23 error     npm bugs likeread
23 error Or if that isn't available, you can get their info via:
23 error     npm owner ls likeread
23 error There is likely additional logging output above.
24 verbose exit [ 1, true ]
